<?xml version="1.0" encoding="UTF-8"?>
<!-- Generated by org.testng.reporters.JUnitReportReporter -->
<testsuite skipped="0" hostname="chiran" name="com.eBanking.testCases.TC_LoginTest_001" tests="1" failures="0" timestamp="2020-03-02T23:06:32 EST" time="1.571" errors="0">
  <testcase name="loginTest" time="1.571" classname="com.eBanking.testCases.TC_LoginTest_001"/>
  <system-out/>
</testsuite> <!-- com.eBanking.testCases.TC_LoginTest_001 -->
